TN:
SF:src\components\common\Accordion.jsx
FN:4,AccordionItem
FN:11,(anonymous_1)
FN:29,Accordion
FN:32,(anonymous_3)
FNF:4
FNH:4
FNDA:3,AccordionItem
FNDA:1,(anonymous_1)
FNDA:1,Accordion
FNDA:2,(anonymous_3)
DA:5,3
DA:7,3
DA:11,1
DA:30,1
DA:33,2
LF:5
LH:5
BRDA:4,0,0,3
BRDA:17,1,0,2
BRDA:17,1,1,1
BRDA:20,2,0,3
BRDA:20,2,1,2
BRF:5
BRH:5
end_of_record
TN:
SF:src\components\common\Badge.jsx
FN:1,Badge
FNF:1
FNH:1
FNDA:3,Badge
DA:2,3
DA:9,3
LF:2
LH:2
BRDA:1,0,0,3
BRDA:1,1,0,3
BRF:2
BRH:2
end_of_record
TN:
SF:src\components\common\Button.jsx
FN:3,Button2
FNF:1
FNH:1
FNDA:78,Button2
DA:3,23
DA:12,78
DA:13,78
DA:19,78
DA:25,78
LF:5
LH:5
BRDA:5,0,0,78
BRDA:6,1,0,78
BRDA:7,2,0,78
BRDA:8,3,0,78
BRDA:9,4,0,78
BRF:5
BRH:5
end_of_record
TN:
SF:src\components\common\Card.jsx
FN:1,Card
FNF:1
FNH:1
FNDA:68,Card
DA:2,68
LF:1
LH:1
BRDA:1,0,0,68
BRDA:1,1,0,68
BRDA:4,2,0,67
BRDA:4,2,1,1
BRF:4
BRH:4
end_of_record
TN:
SF:src\components\common\Input.jsx
FN:1,Input
FNF:1
FNH:1
FNDA:306,Input
DA:2,306
LF:1
LH:1
BRDA:1,0,0,306
BRDA:4,1,0,306
BRDA:4,1,1,300
BRDA:13,2,0,306
BRDA:13,2,1,1
BRF:5
BRH:5
end_of_record
TN:
SF:src\components\common\Modal.jsx
FN:5,Modal
FN:6,(anonymous_1)
FN:10,(anonymous_2)
FN:15,(anonymous_3)
FN:16,(anonymous_4)
FN:18,(anonymous_5)
FNF:6
FNH:6
FNDA:9,Modal
FNDA:7,(anonymous_1)
FNDA:7,(anonymous_2)
FNDA:9,(anonymous_3)
FNDA:1,(anonymous_4)
FNDA:9,(anonymous_5)
DA:6,9
DA:7,7
DA:8,2
DA:10,7
DA:11,7
DA:15,9
DA:16,9
DA:17,9
DA:18,9
DA:21,9
DA:23,2
LF:11
LH:11
BRDA:7,0,0,2
BRDA:7,0,1,5
BRDA:16,1,0,1
BRDA:16,1,1,1
BRDA:17,2,0,2
BRDA:17,2,1,7
BRDA:21,3,0,7
BRDA:21,3,1,2
BRDA:49,4,0,2
BRDA:49,4,1,1
BRF:10
BRH:10
end_of_record
TN:
SF:src\components\layout\Breadcrumb.jsx
FN:4,Breadcrumb
FN:8,(anonymous_1)
FNF:2
FNH:2
FNDA:38,Breadcrumb
FNDA:113,(anonymous_1)
DA:5,38
DA:9,113
LF:2
LH:2
BRDA:10,0,0,113
BRDA:10,0,1,75
BRDA:11,1,0,75
BRDA:11,1,1,38
BRF:4
BRH:4
end_of_record
TN:
SF:src\pages\content\OrderTracking.jsx
FN:25,OrderTracking
FN:32,(anonymous_1)
FN:51,(anonymous_2)
FN:59,(anonymous_3)
FN:78,(anonymous_4)
FN:151,(anonymous_5)
FN:197,(anonymous_6)
FNF:7
FNH:6
FNDA:5,OrderTracking
FNDA:1,(anonymous_1)
FNDA:2,(anonymous_2)
FNDA:1,(anonymous_3)
FNDA:1,(anonymous_4)
FNDA:4,(anonymous_5)
FNDA:0,(anonymous_6)
DA:9,3
DA:16,3
DA:23,3
DA:26,5
DA:27,5
DA:28,5
DA:29,5
DA:30,5
DA:32,5
DA:33,1
DA:34,1
DA:35,1
DA:36,1
DA:37,1
DA:38,1
DA:39,1
DA:40,1
DA:41,1
DA:42,1
DA:44,0
DA:46,1
DA:51,5
DA:52,2
DA:53,2
DA:54,0
DA:55,0
DA:59,5
DA:60,1
DA:61,1
DA:64,5
DA:65,5
DA:67,5
DA:78,1
DA:152,4
DA:153,4
DA:154,4
DA:155,4
DA:198,0
LF:38
LH:34
BRDA:23,0,0,3
BRDA:23,0,1,3
BRDA:33,1,0,0
BRDA:33,1,1,1
BRDA:40,2,0,0
BRDA:40,2,1,1
BRDA:40,3,0,0
BRDA:40,3,1,0
BRDA:44,4,0,0
BRDA:44,4,1,0
BRDA:52,5,0,2
BRDA:52,5,1,2
BRDA:53,6,0,0
BRDA:53,6,1,2
BRDA:64,7,0,1
BRDA:64,7,1,4
BRDA:64,8,0,1
BRDA:64,8,1,0
BRDA:81,9,0,1
BRDA:81,9,1,4
BRDA:86,10,0,5
BRDA:86,10,1,0
BRDA:92,11,0,5
BRDA:92,11,1,1
BRDA:114,12,0,1
BRDA:114,12,1,0
BRDA:119,13,0,0
BRDA:119,13,1,0
BRDA:126,14,0,0
BRDA:126,14,1,1
BRDA:132,15,0,0
BRDA:132,15,1,0
BRDA:159,16,0,2
BRDA:159,16,1,2
BRDA:160,17,0,1
BRDA:160,17,1,1
BRDA:163,18,0,2
BRDA:163,18,1,2
BRDA:165,19,0,1
BRDA:165,19,1,1
BRDA:174,20,0,3
BRDA:174,20,1,1
BRDA:174,21,0,4
BRDA:174,21,1,2
BRDA:177,22,0,4
BRDA:177,22,1,1
BRDA:200,23,0,0
BRDA:200,23,1,0
BRDA:213,24,0,5
BRDA:213,24,1,4
BRDA:213,24,2,3
BRDA:213,24,3,3
BRF:52
BRH:35
end_of_record
TN:
SF:src\pages\customer\Checkout.jsx
FN:15,loadRazorpayScript
FN:16,(anonymous_1)
FN:20,(anonymous_2)
FN:21,(anonymous_3)
FN:31,Checkout
FN:41,(anonymous_5)
FN:45,(anonymous_6)
FN:50,(anonymous_7)
FN:51,(anonymous_8)
FN:66,(anonymous_9)
FN:69,(anonymous_10)
FN:112,(anonymous_11)
FN:126,(anonymous_12)
FN:138,(anonymous_13)
FN:164,(anonymous_14)
FN:169,(anonymous_15)
FN:187,(anonymous_16)
FN:198,(anonymous_17)
FN:224,(anonymous_18)
FN:226,(anonymous_19)
FN:228,(anonymous_20)
FN:230,(anonymous_21)
FN:233,(anonymous_22)
FN:235,(anonymous_23)
FN:237,(anonymous_24)
FN:244,(anonymous_25)
FN:255,(anonymous_26)
FN:262,(anonymous_27)
FN:274,(anonymous_28)
FNF:29
FNH:22
FNDA:4,loadRazorpayScript
FNDA:4,(anonymous_1)
FNDA:0,(anonymous_2)
FNDA:0,(anonymous_3)
FNDA:40,Checkout
FNDA:12,(anonymous_5)
FNDA:7,(anonymous_6)
FNDA:6,(anonymous_7)
FNDA:6,(anonymous_8)
FNDA:0,(anonymous_9)
FNDA:4,(anonymous_10)
FNDA:2,(anonymous_11)
FNDA:2,(anonymous_12)
FNDA:2,(anonymous_13)
FNDA:0,(anonymous_14)
FNDA:0,(anonymous_15)
FNDA:1,(anonymous_16)
FNDA:1,(anonymous_17)
FNDA:4,(anonymous_18)
FNDA:4,(anonymous_19)
FNDA:4,(anonymous_20)
FNDA:1,(anonymous_21)
FNDA:4,(anonymous_22)
FNDA:4,(anonymous_23)
FNDA:4,(anonymous_24)
FNDA:0,(anonymous_25)
FNDA:38,(anonymous_26)
FNDA:0,(anonymous_27)
FNDA:38,(anonymous_28)
DA:11,3
DA:16,4
DA:17,4
DA:18,0
DA:19,0
DA:20,0
DA:21,0
DA:22,0
DA:26,3
DA:32,40
DA:33,40
DA:34,40
DA:35,40
DA:36,40
DA:37,40
DA:38,40
DA:39,40
DA:41,40
DA:42,40
DA:45,40
DA:46,7
DA:47,6
DA:50,6
DA:52,6
DA:53,6
DA:54,0
DA:63,0
DA:69,40
DA:70,4
DA:71,4
DA:73,4
DA:75,4
DA:76,0
DA:87,4
DA:88,4
DA:89,0
DA:90,0
DA:91,0
DA:95,4
DA:104,4
DA:105,2
DA:106,2
DA:109,2
DA:112,2
DA:113,2
DA:127,2
DA:128,2
DA:138,2
DA:147,2
DA:148,0
DA:149,0
DA:150,0
DA:153,2
DA:154,2
DA:155,2
DA:158,2
DA:160,0
DA:164,0
DA:168,2
DA:169,2
DA:170,0
DA:172,2
DA:175,2
DA:176,2
DA:179,4
DA:183,40
DA:184,1
DA:187,1
DA:194,39
DA:195,1
DA:198,1
DA:205,38
DA:224,4
DA:226,4
DA:228,4
DA:230,1
DA:233,4
DA:235,4
DA:237,4
DA:244,0
DA:256,38
DA:262,0
DA:275,38
DA:276,38
LF:84
LH:65
BRDA:17,0,0,4
BRDA:17,0,1,0
BRDA:41,1,0,12
BRDA:41,1,1,12
BRDA:42,2,0,40
BRDA:42,2,1,40
BRDA:46,3,0,1
BRDA:46,3,1,6
BRDA:52,4,0,6
BRDA:52,4,1,6
BRDA:53,5,0,0
BRDA:53,5,1,6
BRDA:55,6,0,0
BRDA:55,6,1,0
BRDA:56,7,0,0
BRDA:56,7,1,0
BRDA:57,8,0,0
BRDA:57,8,1,0
BRDA:58,9,0,0
BRDA:58,9,1,0
BRDA:59,10,0,0
BRDA:59,10,1,0
BRDA:60,11,0,0
BRDA:60,11,1,0
BRDA:61,12,0,0
BRDA:61,12,1,0
BRDA:75,13,0,0
BRDA:75,13,1,4
BRDA:88,14,0,0
BRDA:88,14,1,4
BRDA:104,15,0,2
BRDA:104,15,1,2
BRDA:106,16,0,2
BRDA:106,16,1,1
BRDA:123,17,0,2
BRDA:123,17,1,2
BRDA:140,18,0,2
BRDA:140,18,1,1
BRDA:147,19,0,0
BRDA:147,19,1,2
BRDA:149,20,0,0
BRDA:149,20,1,0
BRDA:170,21,0,0
BRDA:170,21,1,0
BRDA:175,22,0,2
BRDA:175,22,1,0
BRDA:176,23,0,2
BRDA:176,23,1,0
BRDA:183,24,0,1
BRDA:183,24,1,39
BRDA:194,25,0,1
BRDA:194,25,1,38
BRDA:194,26,0,39
BRDA:194,26,1,1
BRDA:215,27,0,38
BRDA:215,27,1,0
BRDA:248,28,0,0
BRDA:248,28,1,38
BRDA:258,29,0,38
BRDA:258,29,1,0
BRDA:275,30,0,38
BRDA:275,30,1,38
BRDA:279,31,0,10
BRDA:279,31,1,28
BRDA:277,32,0,38
BRDA:277,32,1,27
BRDA:294,33,0,28
BRDA:294,33,1,10
BRDA:301,34,0,4
BRDA:301,34,1,34
BRF:70
BRH:42
end_of_record
TN:
SF:src\utils\api.js
FN:3,getToken
FN:8,request
FN:20,getProducts
FN:24,getProductBySlug
FN:28,login
FN:37,register
FN:48,adminCreateProduct
FN:56,adminUpdateProduct
FN:64,adminDeleteProduct
FN:71,createOrder
FN:82,getMyOrders
FN:88,getProductSales
FN:96,getOrders
FN:104,getOrderSummary
FN:111,updateOrderStatus
FN:123,rejectOrder
FN:134,getCustomers
FN:140,getBlockedCustomers
FN:146,blockCustomer
FN:157,unblockCustomer
FN:166,listDrivers
FN:173,assignDriver
FN:185,createDriver
FN:196,subscribeRestock
FN:205,getRestockSubscriberCount
FN:213,getActiveOffers
FN:218,adminGetOffers
FN:225,adminCreateOffer
FN:237,adminUpdateOffer
FN:249,adminToggleOffer
FN:257,adminDeleteOffer
FNF:31
FNH:23
FNDA:21,getToken
FNDA:26,request
FNDA:2,getProducts
FNDA:1,getProductBySlug
FNDA:1,login
FNDA:1,register
FNDA:1,adminCreateProduct
FNDA:1,adminUpdateProduct
FNDA:1,adminDeleteProduct
FNDA:2,createOrder
FNDA:1,getMyOrders
FNDA:1,getProductSales
FNDA:2,getOrders
FNDA:2,getOrderSummary
FNDA:1,updateOrderStatus
FNDA:1,rejectOrder
FNDA:2,getCustomers
FNDA:1,getBlockedCustomers
FNDA:1,blockCustomer
FNDA:1,unblockCustomer
FNDA:1,listDrivers
FNDA:1,assignDriver
FNDA:1,createDriver
FNDA:0,subscribeRestock
FNDA:0,getRestockSubscriberCount
FNDA:0,getActiveOffers
FNDA:0,adminGetOffers
FNDA:0,adminCreateOffer
FNDA:0,adminUpdateOffer
FNDA:0,adminToggleOffer
FNDA:0,adminDeleteOffer
DA:1,2
DA:9,26
DA:10,26
DA:11,26
DA:17,23
DA:21,2
DA:25,1
DA:29,1
DA:34,1
DA:38,1
DA:39,1
DA:40,1
DA:45,1
DA:49,1
DA:57,1
DA:65,1
DA:72,2
DA:83,1
DA:89,1
DA:97,2
DA:98,2
DA:99,2
DA:105,2
DA:112,1
DA:124,1
DA:135,2
DA:141,1
DA:147,1
DA:158,1
DA:167,1
DA:174,1
DA:186,1
DA:197,0
DA:206,0
DA:214,0
DA:219,0
DA:226,0
DA:238,0
DA:250,0
DA:258,0
LF:40
LH:32
BRDA:1,0,0,2
BRDA:1,0,1,2
BRDA:8,1,0,26
BRDA:10,2,0,26
BRDA:10,2,1,1
BRDA:11,3,0,24
BRDA:11,3,1,2
BRDA:96,4,0,2
BRDA:96,5,0,2
BRDA:96,6,0,2
BRDA:96,7,0,2
BRDA:98,8,0,1
BRDA:98,8,1,1
BRDA:98,9,0,2
BRDA:98,9,1,2
BRF:15
BRH:15
end_of_record
TN:
SF:src\utils\formatPrice.js
FN:1,formatPrice
FNF:1
FNH:1
FNDA:174,formatPrice
DA:2,174
LF:1
LH:1
BRDA:1,0,0,174
BRF:1
BRH:1
end_of_record
