TN:
SF:src\components\common\Accordion.jsx
FN:4,AccordionItem
FN:11,(anonymous_1)
FN:29,Accordion
FN:32,(anonymous_3)
FNF:4
FNH:4
FNDA:3,AccordionItem
FNDA:1,(anonymous_1)
FNDA:1,Accordion
FNDA:2,(anonymous_3)
DA:5,3
DA:7,3
DA:11,1
DA:30,1
DA:33,2
LF:5
LH:5
BRDA:4,0,0,3
BRDA:17,1,0,2
BRDA:17,1,1,1
BRDA:20,2,0,3
BRDA:20,2,1,2
BRF:5
BRH:5
end_of_record
TN:
SF:src\components\common\Badge.jsx
FN:1,Badge
FNF:1
FNH:1
FNDA:2,Badge
DA:2,2
DA:9,2
LF:2
LH:2
BRDA:1,0,0,2
BRDA:1,1,0,2
BRF:2
BRH:2
end_of_record
TN:
SF:src\components\common\Button.jsx
FN:3,Button2
FNF:1
FNH:1
FNDA:79,Button2
DA:3,24
DA:12,79
DA:13,79
DA:19,79
DA:25,79
LF:5
LH:5
BRDA:5,0,0,79
BRDA:6,1,0,79
BRDA:7,2,0,79
BRDA:8,3,0,79
BRDA:9,4,0,79
BRF:5
BRH:5
end_of_record
TN:
SF:src\components\common\Card.jsx
FN:1,Card
FNF:1
FNH:1
FNDA:67,Card
DA:2,67
LF:1
LH:1
BRDA:1,0,0,67
BRDA:1,1,0,67
BRDA:4,2,0,66
BRDA:4,2,1,1
BRF:4
BRH:4
end_of_record
TN:
SF:src\components\common\Input.jsx
FN:1,Input
FNF:1
FNH:1
FNDA:313,Input
DA:2,313
LF:1
LH:1
BRDA:1,0,0,313
BRDA:4,1,0,313
BRDA:4,1,1,307
BRDA:13,2,0,313
BRDA:13,2,1,1
BRF:5
BRH:5
end_of_record
TN:
SF:src\components\common\Modal.jsx
FN:5,Modal
FN:6,(anonymous_1)
FN:10,(anonymous_2)
FN:15,(anonymous_3)
FN:16,(anonymous_4)
FN:18,(anonymous_5)
FNF:6
FNH:6
FNDA:9,Modal
FNDA:7,(anonymous_1)
FNDA:7,(anonymous_2)
FNDA:9,(anonymous_3)
FNDA:1,(anonymous_4)
FNDA:9,(anonymous_5)
DA:6,9
DA:7,7
DA:8,2
DA:10,7
DA:11,7
DA:15,9
DA:16,9
DA:17,9
DA:18,9
DA:21,9
DA:23,2
LF:11
LH:11
BRDA:7,0,0,2
BRDA:7,0,1,5
BRDA:16,1,0,1
BRDA:16,1,1,1
BRDA:17,2,0,2
BRDA:17,2,1,7
BRDA:21,3,0,7
BRDA:21,3,1,2
BRDA:49,4,0,2
BRDA:49,4,1,1
BRF:10
BRH:10
end_of_record
TN:
SF:src\components\layout\Breadcrumb.jsx
FN:4,Breadcrumb
FN:8,(anonymous_1)
FNF:2
FNH:2
FNDA:39,Breadcrumb
FNDA:116,(anonymous_1)
DA:5,39
DA:9,116
LF:2
LH:2
BRDA:10,0,0,116
BRDA:10,0,1,77
BRDA:11,1,0,77
BRDA:11,1,1,39
BRF:4
BRH:4
end_of_record
TN:
SF:src\pages\content\OrderTracking.jsx
FN:9,OrderTracking
FN:14,(anonymous_1)
FN:28,(anonymous_2)
FN:38,(anonymous_3)
FNF:4
FNH:4
FNDA:4,OrderTracking
FNDA:1,(anonymous_1)
FNDA:1,(anonymous_2)
FNDA:5,(anonymous_3)
DA:7,3
DA:10,4
DA:11,4
DA:12,4
DA:14,4
DA:15,1
DA:16,1
DA:17,1
DA:20,4
DA:28,1
DA:39,5
LF:11
LH:11
BRDA:34,0,0,4
BRDA:34,0,1,1
BRDA:42,1,0,4
BRDA:42,1,1,1
BRDA:45,2,0,3
BRDA:45,2,1,2
BRDA:47,3,0,4
BRDA:47,3,1,1
BRF:8
BRH:8
end_of_record
TN:
SF:src\pages\customer\Checkout.jsx
FN:18,Checkout
FN:34,(anonymous_1)
FN:39,(anonymous_2)
FN:61,(anonymous_3)
FN:72,(anonymous_4)
FN:94,(anonymous_5)
FN:101,(anonymous_6)
FN:107,(anonymous_7)
FN:112,(anonymous_8)
FN:119,(anonymous_9)
FN:125,(anonymous_10)
FN:131,(anonymous_11)
FN:138,(anonymous_12)
FN:150,(anonymous_13)
FN:164,(anonymous_14)
FNF:15
FNH:15
FNDA:41,Checkout
FNDA:4,(anonymous_1)
FNDA:4,(anonymous_2)
FNDA:1,(anonymous_3)
FNDA:1,(anonymous_4)
FNDA:4,(anonymous_5)
FNDA:4,(anonymous_6)
FNDA:4,(anonymous_7)
FNDA:1,(anonymous_8)
FNDA:4,(anonymous_9)
FNDA:4,(anonymous_10)
FNDA:4,(anonymous_11)
FNDA:39,(anonymous_12)
FNDA:1,(anonymous_13)
FNDA:39,(anonymous_14)
DA:12,3
DA:19,41
DA:20,41
DA:21,41
DA:22,41
DA:23,41
DA:32,41
DA:34,41
DA:35,4
DA:36,4
DA:37,4
DA:38,4
DA:39,4
DA:47,4
DA:48,2
DA:49,2
DA:51,2
DA:53,4
DA:57,41
DA:58,1
DA:61,1
DA:68,40
DA:69,1
DA:72,1
DA:79,39
DA:94,4
DA:101,4
DA:107,4
DA:112,1
DA:119,4
DA:125,4
DA:131,4
DA:139,39
DA:150,1
DA:165,39
DA:166,39
LF:36
LH:36
BRDA:41,0,0,4
BRDA:41,0,1,3
BRDA:51,1,0,2
BRDA:51,1,1,1
BRDA:57,2,0,1
BRDA:57,2,1,40
BRDA:68,3,0,1
BRDA:68,3,1,39
BRDA:68,4,0,40
BRDA:68,4,1,1
BRDA:142,5,0,3
BRDA:142,5,1,36
BRDA:165,6,0,39
BRDA:165,6,1,39
BRDA:169,7,0,11
BRDA:169,7,1,28
BRDA:167,8,0,39
BRDA:167,8,1,27
BRDA:185,9,0,28
BRDA:185,9,1,11
BRDA:193,10,0,4
BRDA:193,10,1,35
BRF:22
BRH:22
end_of_record
TN:
SF:src\utils\api.js
FN:3,getToken
FN:8,request
FN:20,getProducts
FN:24,getProductBySlug
FN:28,login
FN:37,register
FN:48,adminCreateProduct
FN:56,adminUpdateProduct
FN:64,adminDeleteProduct
FN:71,createOrder
FN:82,getMyOrders
FN:88,getProductSales
FN:96,getOrders
FN:104,getOrderSummary
FN:111,updateOrderStatus
FN:123,rejectOrder
FN:134,getCustomers
FN:140,getBlockedCustomers
FN:146,blockCustomer
FN:157,unblockCustomer
FN:166,listDrivers
FN:173,assignDriver
FN:185,createDriver
FNF:23
FNH:23
FNDA:21,getToken
FNDA:26,request
FNDA:2,getProducts
FNDA:1,getProductBySlug
FNDA:1,login
FNDA:1,register
FNDA:1,adminCreateProduct
FNDA:1,adminUpdateProduct
FNDA:1,adminDeleteProduct
FNDA:2,createOrder
FNDA:1,getMyOrders
FNDA:1,getProductSales
FNDA:2,getOrders
FNDA:2,getOrderSummary
FNDA:1,updateOrderStatus
FNDA:1,rejectOrder
FNDA:2,getCustomers
FNDA:1,getBlockedCustomers
FNDA:1,blockCustomer
FNDA:1,unblockCustomer
FNDA:1,listDrivers
FNDA:1,assignDriver
FNDA:1,createDriver
DA:1,2
DA:9,26
DA:10,26
DA:11,26
DA:17,23
DA:21,2
DA:25,1
DA:29,1
DA:34,1
DA:38,1
DA:39,1
DA:40,1
DA:45,1
DA:49,1
DA:57,1
DA:65,1
DA:72,2
DA:83,1
DA:89,1
DA:97,2
DA:98,2
DA:99,2
DA:105,2
DA:112,1
DA:124,1
DA:135,2
DA:141,1
DA:147,1
DA:158,1
DA:167,1
DA:174,1
DA:186,1
LF:32
LH:32
BRDA:1,0,0,2
BRDA:1,0,1,2
BRDA:8,1,0,26
BRDA:10,2,0,26
BRDA:10,2,1,1
BRDA:11,3,0,24
BRDA:11,3,1,2
BRDA:96,4,0,2
BRDA:96,5,0,2
BRDA:96,6,0,2
BRDA:96,7,0,2
BRDA:98,8,0,1
BRDA:98,8,1,1
BRDA:98,9,0,2
BRDA:98,9,1,2
BRF:15
BRH:15
end_of_record
TN:
SF:src\utils\formatPrice.js
FN:1,formatPrice
FNF:1
FNH:1
FNDA:173,formatPrice
DA:2,173
LF:1
LH:1
BRDA:1,0,0,173
BRF:1
BRH:1
end_of_record
